['INFO ]2023-09-13 20:35:57,383(yyyy-MM-ddHH:mm:ss.SSS][main]io.github.bonigarcia.wdm.WebDriverManager1)-Using msedgedriver 116.0.1938.81 (resolved driver for Edge 116)
['INFO ]2023-09-13 20:35:57,430(yyyy-MM-ddHH:mm:ss.SSS][main]io.github.bonigarcia.wdm.WebDriverManager1)-Reading https://msedgedriver.azureedge.net/?restype=container&comp=list to seek msedgedriver
['INFO ]2023-09-13 20:35:58,277(yyyy-MM-ddHH:mm:ss.SSS][main]io.github.bonigarcia.wdm.online.Downloader1)-Downloading https://msedgewebdriverstorage.blob.core.windows.net/edgewebdriver/116.0.1938.81/edgedriver_win64.zip
['INFO ]2023-09-13 20:35:59,971(yyyy-MM-ddHH:mm:ss.SSS][main]io.github.bonigarcia.wdm.online.Downloader1)-Extracting driver from compressed file edgedriver_win64.zip
['INFO ]2023-09-13 20:36:00,104(yyyy-MM-ddHH:mm:ss.SSS][main]io.github.bonigarcia.wdm.WebDriverManager1)-Exporting webdriver.edge.driver as C:\Users\eswar\.cache\selenium\msedgedriver\win64\116.0.1938.81\msedgedriver.exe
['WARN ]2023-09-13 20:36:21,566(yyyy-MM-ddHH:mm:ss.SSS][AsyncHttpClient-1-4]org.asynchttpclient.netty.handler.WebSocketHandler1)-onError
java.net.SocketException: Connection reset
	at sun.nio.ch.SocketChannelImpl.throwConnectionReset(SocketChannelImpl.java:394) ~[?:?]
	at sun.nio.ch.SocketChannelImpl.read(SocketChannelImpl.java:426) ~[?:?]
	at io.netty.buffer.PooledByteBuf.setBytes(PooledByteBuf.java:256) ~[netty-buffer-4.1.92.Final.jar:4.1.92.Final]
	at io.netty.buffer.AbstractByteBuf.writeBytes(AbstractByteBuf.java:1132) ~[netty-buffer-4.1.92.Final.jar:4.1.92.Final]
	at io.netty.channel.socket.nio.NioSocketChannel.doReadBytes(NioSocketChannel.java:357) ~[netty-transport-4.1.92.Final.jar:4.1.92.Final]
	at io.netty.channel.nio.AbstractNioByteChannel$NioByteUnsafe.read(AbstractNioByteChannel.java:151) [netty-transport-4.1.92.Final.jar:4.1.92.Final]
	at io.netty.channel.nio.NioEventLoop.processSelectedKey(NioEventLoop.java:788) [netty-transport-4.1.92.Final.jar:4.1.92.Final]
	at io.netty.channel.nio.NioEventLoop.processSelectedKeysOptimized(NioEventLoop.java:724) [netty-transport-4.1.92.Final.jar:4.1.92.Final]
	at io.netty.channel.nio.NioEventLoop.processSelectedKeys(NioEventLoop.java:650) [netty-transport-4.1.92.Final.jar:4.1.92.Final]
	at io.netty.channel.nio.NioEventLoop.run(NioEventLoop.java:562) [netty-transport-4.1.92.Final.jar:4.1.92.Final]
	at io.netty.util.concurrent.SingleThreadEventExecutor$4.run(SingleThreadEventExecutor.java:997) [netty-common-4.1.92.Final.jar:4.1.92.Final]
	at io.netty.util.internal.ThreadExecutorMap$2.run(ThreadExecutorMap.java:74) [netty-common-4.1.92.Final.jar:4.1.92.Final]
	at io.netty.util.concurrent.FastThreadLocalRunnable.run(FastThreadLocalRunnable.java:30) [netty-common-4.1.92.Final.jar:4.1.92.Final]
	at java.lang.Thread.run(Thread.java:833) [?:?]
